0 info it worked if it ends with ok
1 verbose cli [ 'node', '/usr/local/bin/npm', 'install', 'zlib', '-save' ]
2 info using npm@1.4.27
3 info using node@v0.10.31
4 verbose node symlink /usr/local/bin/node
5 warn package.json link-api@ No repository field.
6 warn package.json link-api@ No README data
7 warn package.json fs@0.0.2 fs is also the name of a node core module.
8 warn package.json fs@0.0.2 No description
9 warn package.json fs@0.0.2 No repository field.
10 warn package.json path@0.11.14 path is also the name of a node core module.
11 verbose readDependencies using package.json deps
12 verbose cache add [ 'zlib', null ]
13 verbose cache add name=undefined spec="zlib" args=["zlib",null]
14 verbose parsed url { protocol: null,
14 verbose parsed url   slashes: null,
14 verbose parsed url   auth: null,
14 verbose parsed url   host: null,
14 verbose parsed url   port: null,
14 verbose parsed url   hostname: null,
14 verbose parsed url   hash: null,
14 verbose parsed url   search: null,
14 verbose parsed url   query: null,
14 verbose parsed url   pathname: 'zlib',
14 verbose parsed url   path: 'zlib',
14 verbose parsed url   href: 'zlib' }
15 silly lockFile 57968f12-zlib zlib
16 verbose lock zlib /Users/couyang/.npm/57968f12-zlib.lock
17 silly lockFile 57968f12-zlib zlib
18 silly lockFile 57968f12-zlib zlib
19 verbose addNamed [ 'zlib', '' ]
20 verbose addNamed [ null, '*' ]
21 silly lockFile f86964f4-zlib zlib@
22 verbose lock zlib@ /Users/couyang/.npm/f86964f4-zlib.lock
23 silly addNameRange { name: 'zlib', range: '*', hasData: false }
24 verbose request where is /zlib
25 verbose request registry https://registry.npmjs.org/
26 verbose request id 6ea8f414ee95b0fc
27 verbose url raw /zlib
28 verbose url resolving [ 'https://registry.npmjs.org/', './zlib' ]
29 verbose url resolved https://registry.npmjs.org/zlib
30 verbose request where is https://registry.npmjs.org/zlib
31 info trying registry request attempt 1 at 15:37:49
32 http GET https://registry.npmjs.org/zlib
33 http 200 https://registry.npmjs.org/zlib
34 silly registry.get cb [ 200,
34 silly registry.get   { date: 'Thu, 12 Mar 2015 19:37:49 GMT',
34 silly registry.get     server: 'CouchDB/1.6.1 (Erlang OTP/R14B04)',
34 silly registry.get     etag: '"5MPTL9F7XK1G117NC9HPKL8F4"',
34 silly registry.get     'content-type': 'application/json',
34 silly registry.get     'cache-control': 'max-age=60',
34 silly registry.get     'content-length': '6082',
34 silly registry.get     'accept-ranges': 'bytes',
34 silly registry.get     via: '1.1 varnish',
34 silly registry.get     age: '0',
34 silly registry.get     'x-served-by': 'cache-jfk1025-JFK',
34 silly registry.get     'x-cache': 'MISS',
34 silly registry.get     'x-cache-hits': '0',
34 silly registry.get     'x-timer': 'S1426189069.268963,VS0,VE92',
34 silly registry.get     vary: 'Accept',
34 silly registry.get     'keep-alive': 'timeout=10, max=50',
34 silly registry.get     connection: 'Keep-Alive' } ]
35 silly addNameRange number 2 { name: 'zlib', range: '*', hasData: true }
36 silly addNameRange versions [ 'zlib',
36 silly addNameRange   [ '1.0.0', '1.0.1', '1.0.2', '1.0.3', '1.0.4', '1.0.5' ] ]
37 verbose addNamed [ 'zlib', '1.0.5' ]
38 verbose addNamed [ '1.0.5', '1.0.5' ]
39 silly lockFile 024ae364-zlib-1-0-5 zlib@1.0.5
40 verbose lock zlib@1.0.5 /Users/couyang/.npm/024ae364-zlib-1-0-5.lock
41 silly lockFile 53bbe3fb-ry-npmjs-org-zlib-zlib-1-0-5-tgz https://registry.npmjs.org/zlib/-/zlib-1.0.5.tgz
42 verbose lock https://registry.npmjs.org/zlib/-/zlib-1.0.5.tgz /Users/couyang/.npm/53bbe3fb-ry-npmjs-org-zlib-zlib-1-0-5-tgz.lock
43 verbose addRemoteTarball [ 'https://registry.npmjs.org/zlib/-/zlib-1.0.5.tgz',
43 verbose addRemoteTarball   '6e7c972fc371c645a6afb03ab14769def114fcc0' ]
44 info retry fetch attempt 1 at 15:37:49
45 verbose fetch to= /var/folders/qn/r0wwcpwd3cjgnsd2q49696bdfr072b/T/npm-26396-QJ8OzQoF/registry.npmjs.org/zlib/-/zlib-1.0.5.tgz
46 http GET https://registry.npmjs.org/zlib/-/zlib-1.0.5.tgz
47 http 200 https://registry.npmjs.org/zlib/-/zlib-1.0.5.tgz
48 silly lockFile 53bbe3fb-ry-npmjs-org-zlib-zlib-1-0-5-tgz https://registry.npmjs.org/zlib/-/zlib-1.0.5.tgz
49 silly lockFile 53bbe3fb-ry-npmjs-org-zlib-zlib-1-0-5-tgz https://registry.npmjs.org/zlib/-/zlib-1.0.5.tgz
50 silly lockFile 024ae364-zlib-1-0-5 zlib@1.0.5
51 silly lockFile 024ae364-zlib-1-0-5 zlib@1.0.5
52 silly lockFile f86964f4-zlib zlib@
53 silly lockFile f86964f4-zlib zlib@
54 silly resolved [ { name: 'zlib',
54 silly resolved     description: 'Simple, synchronous deflate/inflate for buffers',
54 silly resolved     version: '1.0.5',
54 silly resolved     homepage: 'https://github.com/kkaefer/node-zlib',
54 silly resolved     author: { name: 'Konstantin Käfer', email: 'kkaefer@gmail.com' },
54 silly resolved     repository: { type: 'git', url: 'git://github.com/kkaefer/node-zlib.git' },
54 silly resolved     engines: { node: '>=0.2.0' },
54 silly resolved     licenses: [ [Object] ],
54 silly resolved     main: './lib/zlib',
54 silly resolved     _npmJsonOpts:
54 silly resolved      { file: '/Users/kkaefer/.npm/zlib/1.0.5/package/package.json',
54 silly resolved        contributors: false,
54 silly resolved        serverjs: false,
54 silly resolved        wscript: true },
54 silly resolved     _id: 'zlib@1.0.5',
54 silly resolved     scripts: { preinstall: 'node-waf clean || true; node-waf configure build' },
54 silly resolved     dependencies: {},
54 silly resolved     devDependencies: {},
54 silly resolved     _engineSupported: true,
54 silly resolved     _npmVersion: '1.0.23',
54 silly resolved     _nodeVersion: 'v0.4.9',
54 silly resolved     _defaultsLoaded: true,
54 silly resolved     dist:
54 silly resolved      { shasum: '6e7c972fc371c645a6afb03ab14769def114fcc0',
54 silly resolved        tarball: 'http://registry.npmjs.org/zlib/-/zlib-1.0.5.tgz' },
54 silly resolved     maintainers: [ [Object], [Object], [Object], [Object], [Object] ],
54 silly resolved     directories: {},
54 silly resolved     _shasum: '6e7c972fc371c645a6afb03ab14769def114fcc0',
54 silly resolved     _from: 'zlib@',
54 silly resolved     _resolved: 'https://registry.npmjs.org/zlib/-/zlib-1.0.5.tgz' } ]
55 info install zlib@1.0.5 into /Users/couyang/development/Link/api
56 info installOne zlib@1.0.5
57 verbose node_modules/zlib unbuild
58 verbose tar unpack /Users/couyang/.npm/zlib/1.0.5/package.tgz
59 silly lockFile c767d63f-pment-Link-api-node-modules-zlib tar:///Users/couyang/development/Link/api/node_modules/zlib
60 verbose lock tar:///Users/couyang/development/Link/api/node_modules/zlib /Users/couyang/.npm/c767d63f-pment-Link-api-node-modules-zlib.lock
61 silly lockFile 6e5fcb47-uyang-npm-zlib-1-0-5-package-tgz tar:///Users/couyang/.npm/zlib/1.0.5/package.tgz
62 verbose lock tar:///Users/couyang/.npm/zlib/1.0.5/package.tgz /Users/couyang/.npm/6e5fcb47-uyang-npm-zlib-1-0-5-package-tgz.lock
63 silly gunzTarPerm modes [ '755', '644' ]
64 silly gunzTarPerm extractEntry .gitignore
65 silly gunzTarPerm extractEntry configure
66 silly gunzTarPerm extractEntry index.js
67 silly gunzTarPerm extractEntry LICENSE
68 silly gunzTarPerm extractEntry Makefile
69 silly gunzTarPerm extractEntry package.json
70 silly gunzTarPerm extractEntry README.md
71 silly gunzTarPerm extractEntry wscript
72 silly gunzTarPerm extractEntry lib/zlib.js
73 silly gunzTarPerm extractEntry src/node-zlib.cc
74 silly gunzTarPerm extractEntry test/deflate.test.js
75 silly gunzTarPerm extractEntry test/inflate.test.js
76 silly lockFile c767d63f-pment-Link-api-node-modules-zlib tar:///Users/couyang/development/Link/api/node_modules/zlib
77 silly lockFile c767d63f-pment-Link-api-node-modules-zlib tar:///Users/couyang/development/Link/api/node_modules/zlib
78 silly lockFile 6e5fcb47-uyang-npm-zlib-1-0-5-package-tgz tar:///Users/couyang/.npm/zlib/1.0.5/package.tgz
79 silly lockFile 6e5fcb47-uyang-npm-zlib-1-0-5-package-tgz tar:///Users/couyang/.npm/zlib/1.0.5/package.tgz
80 info preinstall zlib@1.0.5
81 verbose unsafe-perm in lifecycle true
82 info zlib@1.0.5 Failed to exec preinstall script
83 verbose node_modules/zlib unbuild
84 info preuninstall zlib@1.0.5
85 info uninstall zlib@1.0.5
86 verbose true,/Users/couyang/development/Link/api/node_modules,/Users/couyang/development/Link/api/node_modules unbuild zlib@1.0.5
87 info postuninstall zlib@1.0.5
88 error zlib@1.0.5 preinstall: `node-waf clean || true; node-waf configure build`
88 error Exit status 127
89 error Failed at the zlib@1.0.5 preinstall script.
89 error This is most likely a problem with the zlib package,
89 error not with npm itself.
89 error Tell the author that this fails on your system:
89 error     node-waf clean || true; node-waf configure build
89 error You can get their info via:
89 error     npm owner ls zlib
89 error There is likely additional logging output above.
90 error System Darwin 13.3.0
91 error command "node" "/usr/local/bin/npm" "install" "zlib" "-save"
92 error cwd /Users/couyang/development/Link/api
93 error node -v v0.10.31
94 error npm -v 1.4.27
95 error code ELIFECYCLE
96 verbose exit [ 1, true ]
